{
"contracts/IVotingSystem.sol":{"l":{},"path":"/Users/arslanrashidov/Desktop/VotingSystem/contracts/IVotingSystem.sol","s":{},"b":{},"f":{},"fnMap":{},"statementMap":{},"branchMap":{}},
"contracts/VotingSystem.sol":{"l":{"40":17,"42":17,"44":17,"45":34,"47":17,"49":17,"50":17,"52":17,"56":12,"57":11,"59":10,"61":10,"63":9,"65":9,"66":8,"68":7,"72":7,"73":6,"74":6,"75":5,"79":7,"80":7,"82":7,"86":10,"88":9,"90":9,"91":8,"93":6,"95":6,"96":6,"97":6,"98":6,"100":6,"102":6,"106":7,"107":4,"108":4,"110":4,"111":2,"113":2,"118":2,"119":1,"121":1,"125":5,"126":4,"127":4,"129":3,"133":2,"135":1,"137":1,"139":1,"143":36,"144":36,"148":19,"152":8,"156":9,"160":12,"164":2},"path":"/Users/arslanrashidov/Desktop/VotingSystem/contracts/VotingSystem.sol","s":{"1":17,"2":17,"3":17,"4":34,"5":17,"6":17,"7":17,"8":17,"9":12,"10":11,"11":10,"12":10,"13":9,"14":9,"15":8,"16":7,"17":7,"18":6,"19":6,"20":5,"21":7,"22":7,"23":7,"24":10,"25":9,"26":9,"27":8,"28":6,"29":6,"30":6,"31":6,"32":6,"33":6,"34":6,"35":7,"36":4,"37":4,"38":4,"39":2,"40":2,"41":2,"42":1,"43":1,"44":5,"45":4,"46":4,"47":3,"48":2,"49":1,"50":1,"51":1,"52":36,"53":36,"54":19,"55":8,"56":9,"57":12,"58":2},"b":{"1":[11,1],"2":[10,1],"3":[9,1],"4":[8,1],"5":[7,1],"6":[6,1],"7":[5,1],"8":[9,1],"9":[8,1],"10":[6,2],"11":[4,3],"12":[2,2],"13":[1,1],"14":[4,1],"15":[3,1],"16":[1,1]},"f":{"1":17,"2":12,"3":10,"4":7,"5":2,"6":5,"7":2,"8":36,"9":19,"10":8,"11":9,"12":12,"13":2},"fnMap":{"1":{"name":"createVoting","line":39,"loc":{"start":{"line":39,"column":4},"end":{"line":53,"column":4}}},"2":{"name":"makeVote","line":55,"loc":{"start":{"line":55,"column":4},"end":{"line":83,"column":4}}},"3":{"name":"finishVoting","line":85,"loc":{"start":{"line":85,"column":4},"end":{"line":103,"column":4}}},"4":{"name":"getVotingStatus","line":105,"loc":{"start":{"line":105,"column":4},"end":{"line":115,"column":4}}},"5":{"name":"getVotingCandidates","line":117,"loc":{"start":{"line":117,"column":4},"end":{"line":122,"column":4}}},"6":{"name":"getCandidateVotes","line":124,"loc":{"start":{"line":124,"column":4},"end":{"line":130,"column":4}}},"7":{"name":"withdrawCreatorFee","line":132,"loc":{"start":{"line":132,"column":4},"end":{"line":140,"column":4}}},"8":{"name":"_isVotingExists","line":142,"loc":{"start":{"line":142,"column":4},"end":{"line":145,"column":4}}},"9":{"name":"_isVotingActive","line":147,"loc":{"start":{"line":147,"column":4},"end":{"line":149,"column":4}}},"10":{"name":"_isVotingExpired","line":151,"loc":{"start":{"line":151,"column":4},"end":{"line":153,"column":4}}},"11":{"name":"_isVoterVoted","line":155,"loc":{"start":{"line":155,"column":4},"end":{"line":157,"column":4}}},"12":{"name":"_isVotingCandidateExists","line":159,"loc":{"start":{"line":159,"column":4},"end":{"line":161,"column":4}}},"13":{"name":"_isCreatorFeeEmpty","line":163,"loc":{"start":{"line":163,"column":4},"end":{"line":165,"column":4}}}},"statementMap":{"1":{"start":{"line":40,"column":8},"end":{"line":40,"column":35}},"2":{"start":{"line":42,"column":8},"end":{"line":42,"column":68}},"3":{"start":{"line":44,"column":8},"end":{"line":44,"column":1581}},"4":{"start":{"line":45,"column":12},"end":{"line":45,"column":51}},"5":{"start":{"line":47,"column":8},"end":{"line":47,"column":69}},"6":{"start":{"line":49,"column":8},"end":{"line":49,"column":43}},"7":{"start":{"line":50,"column":8},"end":{"line":50,"column":39}},"8":{"start":{"line":52,"column":8},"end":{"line":52,"column":67}},"9":{"start":{"line":56,"column":8},"end":{"line":56,"column":67}},"10":{"start":{"line":57,"column":8},"end":{"line":57,"column":86}},"11":{"start":{"line":59,"column":8},"end":{"line":59,"column":50}},"12":{"start":{"line":61,"column":8},"end":{"line":61,"column":71}},"13":{"start":{"line":63,"column":8},"end":{"line":63,"column":34}},"14":{"start":{"line":65,"column":8},"end":{"line":65,"column":82}},"15":{"start":{"line":66,"column":8},"end":{"line":66,"column":95}},"16":{"start":{"line":68,"column":8},"end":{"line":68,"column":40}},"17":{"start":{"line":72,"column":8},"end":{"line":72,"column":2603}},"18":{"start":{"line":73,"column":12},"end":{"line":73,"column":70}},"19":{"start":{"line":74,"column":12},"end":{"line":74,"column":2759}},"20":{"start":{"line":75,"column":16},"end":{"line":75,"column":52}},"21":{"start":{"line":79,"column":8},"end":{"line":79,"column":34}},"22":{"start":{"line":80,"column":8},"end":{"line":80,"column":47}},"23":{"start":{"line":82,"column":8},"end":{"line":82,"column":54}},"24":{"start":{"line":86,"column":8},"end":{"line":86,"column":67}},"25":{"start":{"line":88,"column":8},"end":{"line":88,"column":50}},"26":{"start":{"line":90,"column":8},"end":{"line":90,"column":71}},"27":{"start":{"line":91,"column":8},"end":{"line":91,"column":66}},"28":{"start":{"line":93,"column":8},"end":{"line":93,"column":44}},"29":{"start":{"line":95,"column":8},"end":{"line":95,"column":45}},"30":{"start":{"line":96,"column":8},"end":{"line":96,"column":61}},"31":{"start":{"line":97,"column":8},"end":{"line":97,"column":58}},"32":{"start":{"line":98,"column":8},"end":{"line":98,"column":25}},"33":{"start":{"line":100,"column":8},"end":{"line":100,"column":39}},"34":{"start":{"line":102,"column":8},"end":{"line":102,"column":45}},"35":{"start":{"line":106,"column":8},"end":{"line":106,"column":67}},"36":{"start":{"line":107,"column":8},"end":{"line":107,"column":50}},"37":{"start":{"line":108,"column":8},"end":{"line":108,"column":44}},"38":{"start":{"line":110,"column":8},"end":{"line":110,"column":3955}},"39":{"start":{"line":111,"column":12},"end":{"line":111,"column":48}},"40":{"start":{"line":113,"column":12},"end":{"line":113,"column":49}},"41":{"start":{"line":118,"column":8},"end":{"line":118,"column":67}},"42":{"start":{"line":119,"column":8},"end":{"line":119,"column":50}},"43":{"start":{"line":121,"column":8},"end":{"line":121,"column":66}},"44":{"start":{"line":125,"column":8},"end":{"line":125,"column":67}},"45":{"start":{"line":126,"column":8},"end":{"line":126,"column":50}},"46":{"start":{"line":127,"column":8},"end":{"line":127,"column":88}},"47":{"start":{"line":129,"column":8},"end":{"line":129,"column":76}},"48":{"start":{"line":133,"column":8},"end":{"line":133,"column":61}},"49":{"start":{"line":135,"column":8},"end":{"line":135,"column":48}},"50":{"start":{"line":137,"column":8},"end":{"line":137,"column":52}},"51":{"start":{"line":139,"column":8},"end":{"line":139,"column":22}},"52":{"start":{"line":143,"column":8},"end":{"line":143,"column":50}},"53":{"start":{"line":144,"column":8},"end":{"line":144,"column":50}},"54":{"start":{"line":148,"column":8},"end":{"line":148,"column":51}},"55":{"start":{"line":152,"column":8},"end":{"line":152,"column":43}},"56":{"start":{"line":156,"column":8},"end":{"line":156,"column":35}},"57":{"start":{"line":160,"column":8},"end":{"line":160,"column":43}},"58":{"start":{"line":164,"column":8},"end":{"line":164,"column":33}}},"branchMap":{"1":{"line":56,"type":"if","locations":[{"start":{"line":56,"column":8},"end":{"line":56,"column":8}},{"start":{"line":56,"column":8},"end":{"line":56,"column":8}}]},"2":{"line":57,"type":"if","locations":[{"start":{"line":57,"column":8},"end":{"line":57,"column":8}},{"start":{"line":57,"column":8},"end":{"line":57,"column":8}}]},"3":{"line":61,"type":"if","locations":[{"start":{"line":61,"column":8},"end":{"line":61,"column":8}},{"start":{"line":61,"column":8},"end":{"line":61,"column":8}}]},"4":{"line":65,"type":"if","locations":[{"start":{"line":65,"column":8},"end":{"line":65,"column":8}},{"start":{"line":65,"column":8},"end":{"line":65,"column":8}}]},"5":{"line":66,"type":"if","locations":[{"start":{"line":66,"column":8},"end":{"line":66,"column":8}},{"start":{"line":66,"column":8},"end":{"line":66,"column":8}}]},"6":{"line":72,"type":"if","locations":[{"start":{"line":72,"column":8},"end":{"line":72,"column":8}},{"start":{"line":72,"column":8},"end":{"line":72,"column":8}}]},"7":{"line":74,"type":"if","locations":[{"start":{"line":74,"column":12},"end":{"line":74,"column":12}},{"start":{"line":74,"column":12},"end":{"line":74,"column":12}}]},"8":{"line":86,"type":"if","locations":[{"start":{"line":86,"column":8},"end":{"line":86,"column":8}},{"start":{"line":86,"column":8},"end":{"line":86,"column":8}}]},"9":{"line":90,"type":"if","locations":[{"start":{"line":90,"column":8},"end":{"line":90,"column":8}},{"start":{"line":90,"column":8},"end":{"line":90,"column":8}}]},"10":{"line":91,"type":"if","locations":[{"start":{"line":91,"column":8},"end":{"line":91,"column":8}},{"start":{"line":91,"column":8},"end":{"line":91,"column":8}}]},"11":{"line":106,"type":"if","locations":[{"start":{"line":106,"column":8},"end":{"line":106,"column":8}},{"start":{"line":106,"column":8},"end":{"line":106,"column":8}}]},"12":{"line":110,"type":"if","locations":[{"start":{"line":110,"column":8},"end":{"line":110,"column":8}},{"start":{"line":110,"column":8},"end":{"line":110,"column":8}}]},"13":{"line":118,"type":"if","locations":[{"start":{"line":118,"column":8},"end":{"line":118,"column":8}},{"start":{"line":118,"column":8},"end":{"line":118,"column":8}}]},"14":{"line":125,"type":"if","locations":[{"start":{"line":125,"column":8},"end":{"line":125,"column":8}},{"start":{"line":125,"column":8},"end":{"line":125,"column":8}}]},"15":{"line":127,"type":"if","locations":[{"start":{"line":127,"column":8},"end":{"line":127,"column":8}},{"start":{"line":127,"column":8},"end":{"line":127,"column":8}}]},"16":{"line":133,"type":"if","locations":[{"start":{"line":133,"column":8},"end":{"line":133,"column":8}},{"start":{"line":133,"column":8},"end":{"line":133,"column":8}}]}}}}
