TN:
SF:/Users/arslanrashidov/Desktop/VotingSystem/contracts/IVotingSystem.sol
FNF:0
FNH:0
LF:0
LH:0
BRF:0
BRH:0
end_of_record
TN:
SF:/Users/arslanrashidov/Desktop/VotingSystem/contracts/VotingSystem.sol
FN:39,createVoting
FN:55,makeVote
FN:85,finishVoting
FN:105,getVotingStatus
FN:117,getVotingCandidates
FN:124,getCandidateVotes
FN:132,withdrawCreatorFee
FN:142,_isVotingExists
FN:147,_isVotingActive
FN:151,_isVotingExpired
FN:155,_isVoterVoted
FN:159,_isVotingCandidateExists
FN:163,_isCreatorFeeEmpty
FNF:13
FNH:13
FNDA:17,createVoting
FNDA:12,makeVote
FNDA:10,finishVoting
FNDA:7,getVotingStatus
FNDA:2,getVotingCandidates
FNDA:5,getCandidateVotes
FNDA:2,withdrawCreatorFee
FNDA:36,_isVotingExists
FNDA:19,_isVotingActive
FNDA:8,_isVotingExpired
FNDA:9,_isVoterVoted
FNDA:12,_isVotingCandidateExists
FNDA:2,_isCreatorFeeEmpty
DA:40,17
DA:42,17
DA:44,17
DA:45,34
DA:47,17
DA:49,17
DA:50,17
DA:52,17
DA:56,12
DA:57,11
DA:59,10
DA:61,10
DA:63,9
DA:65,9
DA:66,8
DA:68,7
DA:72,7
DA:73,6
DA:74,6
DA:75,5
DA:79,7
DA:80,7
DA:82,7
DA:86,10
DA:88,9
DA:90,9
DA:91,8
DA:93,6
DA:95,6
DA:96,6
DA:97,6
DA:98,6
DA:100,6
DA:102,6
DA:106,7
DA:107,4
DA:108,4
DA:110,4
DA:111,2
DA:113,2
DA:118,2
DA:119,1
DA:121,1
DA:125,5
DA:126,4
DA:127,4
DA:129,3
DA:133,2
DA:135,1
DA:137,1
DA:139,1
DA:143,36
DA:144,36
DA:148,19
DA:152,8
DA:156,9
DA:160,12
DA:164,2
LF:58
LH:58
BRDA:56,1,0,11
BRDA:56,1,1,1
BRDA:57,2,0,10
BRDA:57,2,1,1
BRDA:61,3,0,9
BRDA:61,3,1,1
BRDA:65,4,0,8
BRDA:65,4,1,1
BRDA:66,5,0,7
BRDA:66,5,1,1
BRDA:72,6,0,6
BRDA:72,6,1,1
BRDA:74,7,0,5
BRDA:74,7,1,1
BRDA:86,8,0,9
BRDA:86,8,1,1
BRDA:90,9,0,8
BRDA:90,9,1,1
BRDA:91,10,0,6
BRDA:91,10,1,2
BRDA:106,11,0,4
BRDA:106,11,1,3
BRDA:110,12,0,2
BRDA:110,12,1,2
BRDA:118,13,0,1
BRDA:118,13,1,1
BRDA:125,14,0,4
BRDA:125,14,1,1
BRDA:127,15,0,3
BRDA:127,15,1,1
BRDA:133,16,0,1
BRDA:133,16,1,1
BRF:32
BRH:32
end_of_record
